mode: set
github.com/piekstra/gmail-ro/internal/zip/extract.go:32.31,39.2 1 1
github.com/piekstra/gmail-ro/internal/zip/extract.go:42.59,44.16 2 1
github.com/piekstra/gmail-ro/internal/zip/extract.go:44.16,46.3 1 1
github.com/piekstra/gmail-ro/internal/zip/extract.go:47.2,50.53 2 1
github.com/piekstra/gmail-ro/internal/zip/extract.go:50.53,52.3 1 1
github.com/piekstra/gmail-ro/internal/zip/extract.go:55.2,56.16 2 1
github.com/piekstra/gmail-ro/internal/zip/extract.go:56.16,58.3 1 0
github.com/piekstra/gmail-ro/internal/zip/extract.go:59.2,59.51 1 1
github.com/piekstra/gmail-ro/internal/zip/extract.go:59.51,61.3 1 1
github.com/piekstra/gmail-ro/internal/zip/extract.go:63.2,64.27 2 1
github.com/piekstra/gmail-ro/internal/zip/extract.go:64.27,65.67 1 1
github.com/piekstra/gmail-ro/internal/zip/extract.go:65.67,67.4 1 1
github.com/piekstra/gmail-ro/internal/zip/extract.go:70.2,70.12 1 1
github.com/piekstra/gmail-ro/internal/zip/extract.go:73.53,74.33 1 1
github.com/piekstra/gmail-ro/internal/zip/extract.go:74.33,77.3 1 1
github.com/piekstra/gmail-ro/internal/zip/extract.go:79.2,80.27 2 1
github.com/piekstra/gmail-ro/internal/zip/extract.go:80.27,82.54 1 1
github.com/piekstra/gmail-ro/internal/zip/extract.go:82.54,85.4 1 1
github.com/piekstra/gmail-ro/internal/zip/extract.go:86.3,86.36 1 1
github.com/piekstra/gmail-ro/internal/zip/extract.go:89.2,89.43 1 1
github.com/piekstra/gmail-ro/internal/zip/extract.go:89.43,92.3 1 1
github.com/piekstra/gmail-ro/internal/zip/extract.go:94.2,94.12 1 1
github.com/piekstra/gmail-ro/internal/zip/extract.go:97.85,102.100 2 1
github.com/piekstra/gmail-ro/internal/zip/extract.go:102.100,104.3 1 1
github.com/piekstra/gmail-ro/internal/zip/extract.go:107.2,108.27 2 1
github.com/piekstra/gmail-ro/internal/zip/extract.go:108.27,111.3 1 1
github.com/piekstra/gmail-ro/internal/zip/extract.go:113.2,117.93 3 1
github.com/piekstra/gmail-ro/internal/zip/extract.go:117.93,119.3 1 0
github.com/piekstra/gmail-ro/internal/zip/extract.go:121.2,121.26 1 1
github.com/piekstra/gmail-ro/internal/zip/extract.go:121.26,123.3 1 1
github.com/piekstra/gmail-ro/internal/zip/extract.go:126.2,126.66 1 1
github.com/piekstra/gmail-ro/internal/zip/extract.go:126.66,128.3 1 1
github.com/piekstra/gmail-ro/internal/zip/extract.go:131.2,132.16 2 1
github.com/piekstra/gmail-ro/internal/zip/extract.go:132.16,134.3 1 0
github.com/piekstra/gmail-ro/internal/zip/extract.go:135.2,138.16 3 1
github.com/piekstra/gmail-ro/internal/zip/extract.go:138.16,140.3 1 1
github.com/piekstra/gmail-ro/internal/zip/extract.go:141.2,146.16 4 1
github.com/piekstra/gmail-ro/internal/zip/extract.go:146.16,148.3 1 1
github.com/piekstra/gmail-ro/internal/zip/extract.go:150.2,150.32 1 1
github.com/piekstra/gmail-ro/internal/zip/extract.go:150.32,153.3 2 0
github.com/piekstra/gmail-ro/internal/zip/extract.go:155.2,156.36 2 1
github.com/piekstra/gmail-ro/internal/zip/extract.go:156.36,158.3 1 0
github.com/piekstra/gmail-ro/internal/zip/extract.go:160.2,160.12 1 1
github.com/piekstra/gmail-ro/internal/zip/fs.go:18.59,20.2 1 1
github.com/piekstra/gmail-ro/internal/zip/fs.go:22.87,24.2 1 1
github.com/piekstra/gmail-ro/internal/zip/fs.go:26.39,28.2 1 0
